<?xml version="1.0" encoding="UTF-8"?>
<testng-results ignored="0" total="1" passed="1" failed="0" skipped="0">
  <reporter-output>
  </reporter-output>
  <suite started-at="2023-04-20T17:14:07Z" name="Command line suite" finished-at="2023-04-20T17:14:21Z" duration-ms="13677">
    <groups>
    </groups>
    <test started-at="2023-04-20T17:14:07Z" name="Command line test" finished-at="2023-04-20T17:14:21Z" duration-ms="13677">
      <class name="org.restcalls.RestTest">
        <test-method signature="basic_end_to_end()[pri:0, instance:org.restcalls.RestTest@55b7a4e0]" started-at="2023-04-20T17:14:07Z" name="basic_end_to_end" finished-at="2023-04-20T17:14:21Z" duration-ms="13640" status="PASS">
          <reporter-output>
          </reporter-output>
        </test-method> <!-- basic_end_to_end -->
      </class> <!-- org.restcalls.RestTest -->
    </test> <!-- Command line test -->
  </suite> <!-- Command line suite -->
</testng-results>
