<?xml version="1.0" encoding="UTF-8"?>
<!-- Generated by org.testng.reporters.JUnitXMLReporter -->
<testsuite ignored="0" hostname="R9106LJ6" failures="0" tests="3" name="DynamicJson Testing" time="8.379" errors="0" timestamp="20 Apr 2023 17:12:10 GMT">
  <testcase classname="org.restcalls.DynamicJson" name="addBook" time="6.916"/>
  <testcase classname="org.restcalls.DynamicJson" name="addBook" time="0.674"/>
  <testcase classname="org.restcalls.DynamicJson" name="addBook" time="0.727"/>
</testsuite> <!-- DynamicJson Testing -->
